Unity Player [version: Unity 5.5.1f1_88d00a7498cd]

d3d11.dll caused an Access Violation (0xc0000005)
  in module d3d11.dll at 0023:5f5765ba.

Error occurred at 2017-05-28_002406.
C:\Users\Davidlooki\Documents\UnityProjects\Tcc Files\TCC\TCC.exe, run by Davidlooki.
66% memory in use.
0 MB physical memory [0 MB free].
0 MB paging file [0 MB free].
0 MB user address space [3489 MB free].
Read from location 00000031 caused an access violation.

Context:
EDI:    0x00000000  ESI: 0x0850e258  EAX:   0x0850e2ff
EBX:    0x005e2fe4  ECX: 0x0c3eeedc  EDX:   0x00000000
EIP:    0x5f5765ba  EBP: 0x0c3eeeac  SegCs: 0x00000023
EFlags: 0x00010286  ESP: 0x0c3eee6c  SegSs: 0x0000002b

Bytes at CS:EIP:
0f be 47 31 8b 04 85 f4 5e 5b 5f 6a 00 89 4c 24 

Stack:
0x0c3eee6c: 0c3eeeff 00000000 0850e258 00000001 ..>.....X.P.....
0x0c3eee7c: 00000000 0c3eeeff 01441d66 0850e258 ......>.f.D.X.P.
0x0c3eee8c: ffffffff 00080000 04e354b0 00000093 .........T......
0x0c3eee9c: ffffffff 0c3eeecc d9f62a21 0c3eeeb0 ......>.!*....>.
0x0c3eeeac: 0c3eef00 01ba723b 005e2fe4 00000000 ..>.;r.../^.....
0x0c3eeebc: 00000000 0c3eeedc 0850e258 00000200 ......>.X.P.....
0x0c3eeecc: 00000000 00080000 080c0d00 04e354b0 .............T..
0x0c3eeedc: 00000000 00000000 00000000 00000200 ................
0x0c3eeeec: 00000400 00000001 00000000 005e2fe4 ............./^.
0x0c3eeefc: 0263aed4 0c3eef2c 01b95db2 00000172 ..c.,.>..]..r...
0x0c3eef0c: 0850e258 00000000 0850e258 00000000 X.P.....X.P.....
0x0c3eef1c: 00000200 00000400 00000200 00000000 ................
0x0c3eef2c: 0c3efe68 01bbd4fd 00000172 0850e258 h.>.....r...X.P.
0x0c3eef3c: 00080000 00000000 00000000 00000000 ................
0x0c3eef4c: 00000200 00000400 00000001 00000000 ................
0x0c3eef5c: 0000006b 04e354b0 03c44901 0c3eefe0 k....T...I....>.
0x0c3eef6c: c0150008 00000000 fffde000 fff2e000 ................
0x0c3eef7c: 0c3eef9c 7796effb 0c3eefc0 0c3eefe4 ..>....w..>...>.
0x0c3eef8c: 0c3eefe8 0c3eef98 0005174c 00000000 ..>...>.L.......
0x0c3eef9c: 0c3eeff0 7796edf5 0c3eefc0 0c3eefe4 ..>....w..>...>.
0x0c3eefac: 0c3eefe8 0c3eefe0 0c3ef0e0 0c3ef10c ..>...>...>...>.
0x0c3eefbc: 0c3ef0fc 00000018 00000003 00000000 ..>.............
0x0c3eefcc: 00000002 00000003 00000002 00000001 ................
0x0c3eefdc: 536cd652 00000000 0005174c 000007a0 R.lS....L.......
0x0c3eefec: 0c3eeffc 0c3ef0ac 7796f45f 00000003 ..>...>._..w....
0x0c3eeffc: 00000000 00000002 0c3ef06c 0c3ef014 ........l.>...>.
0x0c3ef00c: 7796fb04 7796f4c2 00000040 00000000 ...w...w@.......
0x0c3ef01c: 00000000 00000000 00000000 00000000 ................
0x0c3ef02c: 00000000 00000000 00000000 00000000 ................
0x0c3ef03c: 00000000 00000000 00000000 00000000 ................
0x0c3ef04c: 00000000 00000000 00000000 00000000 ................
0x0c3ef05c: 00000000 00000000 00000000 00000000 ................
0x0c3ef06c: 001a0018 0fc9af74 00000000 0c3ef0e0 ....t.........>.
0x0c3ef07c: 0c3ef0ac 00000000 00020000 0c3ef0a4 ..>...........>.
0x0c3ef08c: 0c3ef0a4 0c3ef0a4 00000002 00000002 ..>...>.........
0x0c3ef09c: 00000000 00000005 00000000 023ce4c0 ..............<.
0x0c3ef0ac: 00000001 00000000 00000001 00000004 ................
0x0c3ef0bc: 00000004 00000006 00000006 0850dbd0 ..............P.
0x0c3ef0cc: 00000001 00000000 00000006 80000006 ................
0x0c3ef0dc: 0850dbe8 00000001 00000000 00000006 ..P.............
0x0c3ef0ec: 80000006 0850dc00 00000001 00000000 ......P.........
0x0c3ef0fc: 00000074 80000074 00000000 00000000 t...t...........
0x0c3ef10c: 00000001 00000000 00000001 00000000 ................
0x0c3ef11c: 00000000 00000000 00000000 00000000 ................
0x0c3ef12c: 00000000 00000000 00000000 00000000 ................
0x0c3ef13c: 00000000 00200000 0c3ef1e4 0c3ef1e4 ...... ...>...>.
0x0c3ef14c: 0c3ef1e4 00000020 00000020 00000000 ..>. ... .......
0x0c3ef15c: 00200000 0c3ef200 0c3ef200 0c3ef200 .. ...>...>...>.
0x0c3ef16c: 00000020 00000020 00000000 00000000  ... ...........
0x0c3ef17c: 00000000 00200000 0c3ef224 0c3ef224 ...... .$.>.$.>.
0x0c3ef18c: 0c3ef224 00000020 00000020 00000000 $.>. ... .......
0x0c3ef19c: 00000000 00000000 00000000 00000000 ................
0x0c3ef1ac: 00000000 00000000 00000000 0c3ef1d0 ..............>.
0x0c3ef1bc: 00503fd8 00504014 77a448a0 0c3ef1e8 .?P..@P..H.w..>.
0x0c3ef1cc: 7796fa99 0fc9af8c 00504004 f086903c ...w.....@P.<...
0x0c3ef1dc: 0c3ef2a0 77a401a0 00000000 0c3ef254 ..>....w....T.>.
0x0c3ef1ec: 7796ff0e 0c3ef2a0 00000000 0c3ef2a8 ...w..>.......>.
0x0c3ef1fc: 7796fb04 0000002e 0fc9af74 0c3ef248 ...w....t...H.>.
0x0c3ef20c: 7796fb76 00000001 0c3ef45c 7796fb04 v..w....\.>....w
0x0c3ef21c: 0c3ef2a0 0c3ef290 0c3ef2ac 00000000 ..>...>...>.....
0x0c3ef22c: 00000000 00000000 0c3ef298 0c3ef45c ..........>.\.>.
0x0c3ef23c: 7796fb04 00000018 00000018 0c3ef3d0 ...w..........>.
0x0c3ef24c: 0000002e 0fc9af74 0c3ef3d0 0fc9af74 ....t.....>.t...
0x0c3ef25c: 0c3ef3d0 77970113 7796e232 779700f8 ..>....w2..w...w
0x0c3ef26c: 7d064905 00000001 7796fd97 00000000 .I.}.......w....
0x0c3ef27c: 77970113 7796e232 0c3ef424 00000000 ...w2..w$.>.....
0x0c3ef28c: 00000000 00000000 00000000 00000001 ................
0x0c3ef29c: 77a401a0 001a0018 0fc9af74 00503fd8 ...w....t....?P.
0x0c3ef2ac: 0c3ef2a0 01000000 00000000 77a401a0 ..>............w
0x0c3ef2bc: 001a0018 0f4a9a88 00503fd8 0c3ef2bc ......J..?P...>.
0x0c3ef2cc: 01000000 00000000 00000000 00000001 ................
0x0c3ef2dc: 77a401a0 001a0018 0f4a9a88 00503fd8 ...w......J..?P.
0x0c3ef2ec: 0c3ef2e0 01000000 00000000 00000000 ..>.............
0x0c3ef2fc: 00000000 00000000 00000000 00000000 ................
0x0c3ef30c: 00000000 00000000 00000000 00000000 ................
0x0c3ef31c: 00000000 00000000 00000000 00000000 ................
0x0c3ef32c: 00000000 00000000 00000000 00000000 ................
0x0c3ef33c: 00000000 00000000 00000000 00000000 ................
0x0c3ef34c: 00000000 00000000 00000000 00000000 ................
0x0c3ef35c: 00000000 00000000 00000000 00000000 ................
0x0c3ef36c: 00000011 00000001 0c3ef478 00000000 ........x.>.....
0x0c3ef37c: 00000000 00000000 00000000 00000000 ................
0x0c3ef38c: 00000000 00000000 00000000 00000000 ................
0x0c3ef39c: 00000000 00000000 00000000 00000000 ................
0x0c3ef3ac: 00000000 0c3ef40c 779a3344 00000011 ......>.D3.w....
0x0c3ef3bc: 779b5b98 0c3ef40c 779a33a8 779a33c1 .[.w..>..3.w.3.w
0x0c3ef3cc: 7d064ed9 00000001 0c3ef478 779a353d .N.}....x.>.=5.w
0x0c3ef3dc: 00000001 00000000 0c3ef45c 0c3ef424 ........\.>.$.>.
0x0c3ef3ec: 779b5b98 77940000 0c3ef3cc 00000000 .[.w...w..>.....
0x0c3ef3fc: 0c3ef858 779b58c5 06ae6a45 fffffffe X.>..X.wEj......
0x0c3ef40c: 779a3529 0c3ef478 0c3ef858 0c3ef524 )5.wx.>.X.>.$.>.
0x0c3ef41c: 0c3ef518 0c3ef858 779a3564 0c3ef858 ..>.X.>.d5.wX.>.
0x0c3ef42c: 0c3ef7f4 779a34fb 0c3ef478 0c3ef858 ..>..4.wx.>.X.>.
0x0c3ef43c: 0c3ef524 0c3ef518 779a353d 00000001 $.>...>.=5.w....
0x0c3ef44c: 0c3ef478 0c3ef858 779a38a2 0c3ef478 x.>.X.>..8.wx.>.
0x0c3ef45c: 7795ff12 779a38cf 0c3ef524 00000000 ...w.8.w$.>.....
0x0c3ef46c: 0c3efe6c 0255a1d8 00000000 c0000027 l.>...U.....'...
0x0c3ef47c: 00000002 00000000 01c48358 00000000 ........X.......
0x0c3ef48c: 00000000 02080000 0c3ef6b0 02080000 ..........>.....
0x0c3ef49c: 0c3ef4a8 00000000 76a10000 00000000 ..>........v....
0x0c3ef4ac: 00000000 00000000 02080000 0c3ef6d4 ..............>.
0x0c3ef4bc: 02080000 0c3ef4cc 00000000 76a10000 ......>........v
0x0c3ef4cc: 00000000 00000000 00000000 00000000 ................
0x0c3ef4dc: 00000000 00000000 00000000 00000000 ................
0x0c3ef4ec: 00000000 00000000 00000000 00000000 ................
0x0c3ef4fc: 00000000 00000000 00000000 00000000 ................
0x0c3ef50c: 00000000 00000000 00000000 00000000 ................
0x0c3ef51c: 0c3ee000 0c3f0000 00010007 00000000 ..>...?.........
0x0c3ef52c: 00000000 00000000 00000000 00000000 ................
0x0c3ef53c: 00000000 00000000 00000000 00000000 ................
0x0c3ef54c: 00000000 00000000 00000000 03d60ea0 ................
0x0c3ef55c: 0000003c 03db4f60 00000008 03d71720 <...`O...... ...
0x0c3ef56c: 00000008 00000000 00000000 03c0f510 ................
0x0c3ef57c: 00000000 00000000 00000000 00000000 ................
0x0c3ef58c: 00000000 00000000 00000000 03c159a0 .............Y..
0x0c3ef59c: 00000001 00000000 ffffffff 00000000 ................
0x0c3ef5ac: 00000000 00000000 00000000 00000000 ................
0x0c3ef5bc: 00000000 00000000 00000000 04f923bc .............#..
0x0c3ef5cc: 04f923e8 00000000 00000000 00000000 .#..............
0x0c3ef5dc: 00000000 03d3e240 03d3e1e0 00000000 ....@...........
0x0c3ef5ec: 00000000 00000000 00000000 04e90750 ............P...
0x0c3ef5fc: 04e909f0 00000000 00000000 00000000 ................
0x0c3ef60c: 204b04d0 1f9baf10 00000008 00000a86 ..K ............
0x0c3ef61c: 0000000d 0000000d 0816c1d0 04d20060 ............`...
0x0c3ef62c: 04d200e0 00000009 00000a86 00000000 ................
0x0c3ef63c: 00000000 00000000 0263b2b8 0263b2e8 ..........c...c.
0x0c3ef64c: 00000000 00000001 00000000 0263b2e8 ..............c.
0x0c3ef65c: 0263b288 00002756 00000000 00000018 ..c.V'..........
0x0c3ef66c: 00000004 00000006 00000000 204b3958 ............X9K 
0x0c3ef67c: 1f9bb698 00000009 00000a86 00000000 ................
0x0c3ef68c: 00000000 00000000 00000000 00000000 ................
0x0c3ef69c: 00000000 00000000 00000000 00000000 ................
0x0c3ef6ac: 0000009c 00000000 002bad90 0c3efb0c ..........+...>.
0x0c3ef6bc: 76a23322 002be130 002bce08 002be138 "3.v0.+...+.8.+.
0x0c3ef6cc: 002b7e58 006d5128 00000080 00000000 X~+.(Qm.........
0x0c3ef6dc: 002be1d0 00000000 001e9b04 00000000 ..+.............
0x0c3ef6ec: 002be09c 00000000 00000000 002be218 ..+...........+.
0x0c3ef6fc: 002b960c 002be174 00500000 0b960fe8 ..+.t.+...P.....
0x0c3ef70c: 00000000 0b960fe8 0c3ef738 7797aa63 ........8.>.c..w
0x0c3ef71c: 0068f998 0b960fe0 00000084 7d064d79 ..h.........yM.}
0x0c3ef72c: 00000098 010301b4 002be014 0c3ef76c ..........+.l.>.
0x0c3ef73c: 0b95bde8 002c004d 002be104 002b76d8 ....M.,...+..v+.
0x0c3ef74c: 002be1cc 0b8c0000 00000008 006cc2bc ..+...........l.
0x0c3ef75c: 002b1fe8 002b7ba0 002b1f28 002b7c54 ..+..{+.(.+.T|+.
0x0c3ef76c: 002bada0 00027724 779501f8 002b7c74 ..+.$w.....wt|+.
0x0c3ef77c: 006d510c 06090048 002b76ec 006d5118 .Qm.H....v+..Qm.
0x0c3ef78c: 06090578 77940000 0c3ef728 7797023b x......w(.>.;..w
0x0c3ef79c: 012b0000 002be1a0 00000030 000008cc ..+...+.0.......
0x0c3ef7ac: 00000044 012b0000 00000028 0255a000 D.....+.(.....U.
0x0c3ef7bc: 006c9b38 01c526c0 006c9b3c 0098fd38 8.l..&..<.l.8...
0x0c3ef7cc: 006c9b30 0255a1d8 006d515c 0c3efe6c 0.l...U.\Qm.l.>.
0x0c3ef7dc: 006d5174 0c3ef80c 006d5154 012b0000 tQm...>.TQm...+.
0x0c3ef7ec: 002be1e0 7d064d21 002be1f0 db958af7 ..+.!M.}..+.....
0x0c3ef7fc: 002be1d8 01c48360 fffffffe 0c3efe6c ..+.`.......l.>.
0x0c3ef80c: 015ff89f 002b7b98 0c3efe7c 00027794 .._..{+.|.>..w..
0x0c3ef81c: 0c3efe6c 002b7c64 01c3fdf6 0c3ef840 l.>.d|+.....@.>.
0x0c3ef82c: 006c3d38 002b7ebc 006c3d3c 002b76dc 8=l..~+.<=l..v+.
0x0c3ef83c: 006c3d30 002b7cd4 006c3d2c 00004860 0=l..|+.,=l.`H..
0x0c3ef84c: 002be15c 000031f0 002be160 0000008c \.+..1..`.+.....
0x0c3ef85c: 002be158 000000a4 002be154 002be0a4 X.+.....T.+...+.
0x0c3ef86c: 0c3ef92c 002be058 0c3ef97c 002b7e14 ,.>.X.+.|.>..~+.
0x0c3ef87c: 01c3fd38 00000000 0c3ef92c 0c3efe6c 8.......,.>.l.>.
0x0c3ef88c: 779a349c 002bce10 0c3efe6c 002b7ea8 .4.w..+.l.>..~+.
0x0c3ef89c: 0c3ef900 01c3fd38 00000000 002bdb78 ..>.8.......x.+.
0x0c3ef8ac: 03c44960 a0e4c491 fffffffe 00000064 `I..........d...
0x0c3ef8bc: 774a1e75 006c4b54 004863b0 006935ec u.JwTKl..cH..5i.
0x0c3ef8cc: 004863b4 002badb8 006c4b60 002b1f6c .cH...+.`Kl.l.+.
0x0c3ef8dc: 006c4b64 002bad98 0c3ef9d0 002bae40 dKl...+...>.@.+.
0x0c3ef8ec: 00000044 779742e5 066e3990 002bae64 D....B.w.9n.d.+.
0x0c3ef8fc: 77973406 002bcd70 0000004d 006d5114 .4.wp.+.M....Qm.
0x0c3ef90c: 0c3ee000 006e0150 0c3efe30 00795560 ..>.P.n.0.>.`Uy.
0x0c3ef91c: 003ef92c 006d5120 0c3ef92c 00795568 ,.>. Qm.,.>.hUy.
0x0c3ef92c: 406d1388 002be0b4 00000000 7749c54f ..m@..+.....O.Iw
0x0c3ef93c: 00000004 00001000 002be164 000044fc ........d.+..D..
0x0c3ef94c: 002be168 00000754 00000000 000007dc h.+.T...........
0x0c3ef95c: 00000013 000006e4 01c3c75f 00040013 ........_.......
0x0c3ef96c: 00000000 00040000 002be128 0c3efe40 ........(.+.@.>.
0x0c3ef97c: 002be12c 00000000 002be0ac 00000000 ,.+.......+.....
0x0c3ef98c: 002be0b0 00000000 002bdfd0 0000027f ..+.......+.....
0x0c3ef99c: 002bdfd0 0000ffff 002bdfb0 00000000 ..+.......+.....
0x0c3ef9ac: 002bdfd0 00000000 002bde6c 00000000 ..+.....l.+.....
0x0c3ef9bc: 002bde8c 00000000 002bdc5c 00000000 ..+.....\.+.....
0x0c3ef9cc: 002bdc7c 00000000 002bdc54 00000000 |.+.....T.+.....
0x0c3ef9dc: 002bdc40 00000000 00000000 00000000 @.+.............
0x0c3ef9ec: 00000000 002b76d4 006ceb74 002b76d0 .....v+.t.l..v+.
0x0c3ef9fc: 006ceb8c 3bf5ed81 006c3d68 0000002b ..l....;h=l.+...
0x0c3efa0c: 006c3d6c 002be13c 006cc728 006cc2dc l=l.<.+.(.l...l.
0x0c3efa1c: 006cc72c 03c44960 006ceb6c 002b7ba4 ,.l.`I..l.l..{+.
0x0c3efa2c: 006ceb70 002b7c44 7749c54f 00027788 p.l.D|+.O.Iw.w..
0x0c3efa3c: 00000212 00027714 0000002b 002b7c58 .....w..+...X|+.
0x0c3efa4c: 00000000 002b7c68 00000000 0c3efde0 ....h|+.......>.
0x0c3efa5c: 00000000 002be1f0 0000ffff 00000000 ......+.........
0x0c3efa6c: 00000000 002b7ed8 00000000 002b76f0 .....~+......v+.
0x0c3efa7c: 00000000 002b76e0 00000000 002bce0c .....v+.......+.
0x0c3efa8c: 00000000 002b7cd8 00000000 0068f99c .....|+.......h.
0x0c3efa9c: 00000000 00004864 00000000 001e9b08 ....dH..........
0x0c3efaac: 00000000 000031f4 00000000 00000088 .....1..........
0x0c3efabc: 00000000 00000090 00000000 000000a0 ................
0x0c3efacc: 00000000 00000094 00000000 002be0a0 ..............+.
0x0c3efadc: ed81e0b3 002be05c 00000000 002be018 ....\.+.......+.
0x0c3efaec: 00000000 002bdfd4 00000000 002b7e10 ......+......~+.
0x0c3efafc: 00000000 002b7e18 00000000 00000000 .....~+.........
0x0c3efb0c: 00000000 00000000 00000000 00000000 ................
0x0c3efb1c: 00000000 00000000 00000000 00000000 ................
0x0c3efb2c: 00000000 002bce14 00000000 002be114 ......+.......+.
0x0c3efb3c: 00000000 002b7eb8 00000000 00000000 .....~+.........
0x0c3efb4c: 00000000 002be1a8 00000000 002bdb74 ......+.....t.+.
0x0c3efb5c: 00000000 002bdc3c 00000000 002b9610 ....<.+.......+.
0x0c3efb6c: 00000000 00000000 00000000 00000038 ............8...
0x0c3efb7c: 00000000 00000068 00000000 006c4b50 ....h.......PKl.
0x0c3efb8c: 00000007 002b1fe4 01260000 006935e0 ......+...&..5i.
0x0c3efb9c: 01260000 00000000 00000000 002badb4 ..&...........+.
0x0c3efbac: 00000006 002b1f24 00000007 002b1f2c ....$.+.....,.+.
0x0c3efbbc: 068ac838 002bad8c 779733d7 002bad94 8.....+..3.w..+.
0x0c3efbcc: 7d064649 002bad9c 012601bc 002badb0 IF.}..+...&...+.
0x0c3efbdc: 01260150 002bae58 00000000 01260150 P.&.X.+.....P.&.
0x0c3efbec: 00000000 01260174 00000000 00000006 ....t.&.........
0x0c3efbfc: 00000000 002bae68 0000000d 002be1d4 ....h.+.......+.
0x0c3efc0c: 00000000 002bcd74 00000000 006d5110 ....t.+......Qm.
0x0c3efc1c: 00000000 006d5124 00000000 006d512c ....$Qm.....,Qm.
0x0c3efc2c: 00000000 02000002 068ac380 34000034 ............4..4
0x0c3efc3c: 00000000 00795564 00000000 006d511c ....dUy......Qm.
0x0c3efc4c: 00000444 8c00038f 01265c38 00000001 D.......8\&.....
0x0c3efc5c: 00000140 0079556c 0000000d 068ac840 @...lUy.....@...
0x0c3efc6c: 068ac840 002be100 00000000 002600c4 @.....+.......&.
0x0c3efc7c: 01260000 01000000 0c3efbcc 00000000 ..&.......>.....
0x0c3efc8c: 0c3efedc 779b58c5 06ae73b5 fffffffe ..>..X.w.s......
0x0c3efc9c: 77973406 002be178 0000002b 00000734 .4.wx.+.+...4...
0x0c3efcac: 00000002 002be1f4 0c3efcc8 000007bc ......+...>.....
0x0c3efcbc: 0c3f123c 000008ac 0c3f0e18 000006c0 <.?.......?.....
0x0c3efccc: 01bc475e 002be170 00000000 025bdac0 ^G..p.+.......[.
0x0c3efcdc: 0c3f0e30 00000008 025bdac0 0c3efd38 0.?.......[.8.>.
0x0c3efcec: 01606657 025bdaf8 012c6cba 002bada0 Wf`...[..l,...+.
0x0c3efcfc: 002b1f2c 006d5110 0000002b 006d5128 ,.+..Qm.+...(Qm.
0x0c3efd0c: 01590e66 006d511c 000000a0 025bba20 f.Y..Qm..... .[.
0x0c3efd1c: 0c3efd44 012c80bb 0c3f0e30 0c3f0cf8 D.>...,.0.?...?.
0x0c3efd2c: 002b76d4 00000030 00000400 006c9b38 .v+.0.......8.l.
0x0c3efd3c: 002bad9c 006d515c 002be138 002be1e0 ..+.\Qm.8.+...+.
0x0c3efd4c: 0c3f0e30 00000400 00000400 006c3d38 0.?.........8=l.
0x0c3efd5c: 02343f00 006c3d30 00000400 002be15c .?4.0=l.....\.+.
0x0c3efd6c: 002b7e18 002be158 00000068 0c3efda0 .~+.X.+.h.....>.
0x0c3efd7c: 002bad94 03c448a0 0c3efe34 023449e8 ..+..H..4.>..I4.
0x0c3efd8c: 0000004b 002bdc5c 0c3efde8 002bdc54 K...\.+...>.T.+.
0x0c3efd9c: 00000000 00000008 0c3f0cf8 00000000 ..........?.....
0x0c3efdac: 02343f00 000001d0 00000400 0c3f0cf4 .?4...........?.
0x0c3efdbc: 00000000 00000000 0c3f0da0 00000000 ..........?.....
0x0c3efdcc: 0c3f0cd0 00000128 002b7ba0 0c3efe28 ..?.(....{+.(.>.
0x0c3efddc: 002b7e14 025bba20 025bba20 0c3efe0c .~+. .[. .[...>.
0x0c3efdec: 002bdb78 00000000 002b1f28 00000008 x.+.....(.+.....
0x0c3efdfc: 002bad90 00000000 002bad98 000001d0 ..+.......+.....
0x0c3efe0c: 0c3efe38 01bca153 01470650 0263b2e8 8.>.S...P.G...c.
0x0c3efe1c: 0263b2e8 0c3f0cf8 00000000 02343f00 ..c...?......?4.
0x0c3efe2c: 000001d0 00000172 00000172 00080000 ....r...r.......
0x0c3efe3c: 00000000 00000000 00000000 00000200 ................
0x0c3efe4c: 00000400 00000001 00000000 0236dcc4 ..............6.
0x0c3efe5c: 03d752a0 04e354b0 002be1f4 0c3efe88 .R...T....+...>.
0x0c3efe6c: 01bc224e 080c0d00 00000000 04e354b0 N"...........T..
0x0c3efe7c: 03c44960 01bba529 03c44960 0c3efea0 `I..)...`I....>.
0x0c3efe8c: 015fd9ff 04e354b0 03c44960 00000000 .._..T..`I......
0x0c3efe9c: 00000000 0c3efeac 76a2336a 03c44960 ......>.j3.v`I..
0x0c3efeac: 0c3efeec 77979902 03c44960 7d064439 ..>....w`I..9D.}
0x0c3efebc: 00000000 00000000 03c44960 c0000005 ........`I......
0x0c3efecc: 76a4770f 76a4770f 0c3efeb8 0c3ee8b8 .w.v.w.v..>...>.
0x0c3efedc: ffffffff 779b58c5 06ae7cf5 00000000 .....X.w.|......
0x0c3efeec: 0c3eff04 779798d5 015fd9d0 03c44960 ..>....w.._.`I..
0x0c3efefc: 00000000 00000000 00000000 00000000 ................
0x0c3eff0c: 015fd9d0 03c44960 00000000 00000000 .._.`I..........
0x0c3eff1c: 00000000 00000000 00000000 00000000 ................
0x0c3eff2c: 00000000 00000000 00000000 00000000 ................
0x0c3eff3c: 00000000 00000000 00000000 00000000 ................
0x0c3eff4c: 00000000 00000000 00000000 00000000 ................
0x0c3eff5c: 00000000 00000000 00000000 00000000 ................
0x0c3eff6c: 00000000 00000000 00000000 00000000 ................
0x0c3eff7c: 00000000 00000000 00000000 00000000 ................
0x0c3eff8c: 00000000 00000000 00000000 00000000 ................
0x0c3eff9c: 00000000 00000000 00000000 00000000 ................
0x0c3effac: 00000000 00000000 00000000 00000000 ................
0x0c3effbc: 00000000 00000000 00000000 00000000 ................
0x0c3effcc: 00000000 00000000 00000000 00000000 ................
0x0c3effdc: 00000000 00000000 00000000 00000000 ................
0x0c3effec: 00000000 00000000 00000000 00000000 ................
0x0c3efffc: 00000000                            ....

Module 1
C:\Users\Davidlooki\Documents\UnityProjects\Tcc Files\TCC\TCC.exe
Image Base: 0x012b0000  Image Size: 0x01542000
File Size:  21340672    File Time:  2017-01-19_085156
Version:
   Company:    
   Product:    
   FileDesc:   
   FileVer:    5.5.1.53258
   ProdVer:    5.5.1.53258

Module 2
C:\Windows\system32\xinput1_3.dll
Image Base: 0x00400000  Image Size: 0x00016000
File Size:  81768       File Time:  2007-04-04_175342
Version:
   Company:    Microsoft Corporation
   Product:    Microsoft® DirectX for Windows®
   FileDesc:   Microsoft Common Controller API
   FileVer:    9.18.944.0
   ProdVer:    9.18.944.0

Module 3
C:\Windows\system32\nvwgf2um.dll
Image Base: 0x0f600000  Image Size: 0x010e8000
File Size:  17423240    File Time:  2017-05-01_193252
Version:
   Company:    NVIDIA Corporation
   Product:    NVIDIA D3D10 drivers
   FileDesc:   NVIDIA D3D10 Driver, Version 382.05 
   FileVer:    22.21.13.8205
   ProdVer:    22.21.13.8205

Module 4
C:\Windows\system32\igd10iumd32.dll
Image Base: 0x0f080000  Image Size: 0x00927000
File Size:  9551360     File Time:  2013-10-08_054734
Version:
   Company:    Intel Corporation
   Product:    Intel HD Graphics Drivers for Windows 8(R)
   FileDesc:   User Mode Driver for Intel(R) Graphics Technology
   FileVer:    9.18.10.3324
   ProdVer:    9.18.10.3324

Module 5
C:\Program Files\WIDCOMM\Bluetooth Software\SysWOW64\BtMmHook.dll
Image Base: 0x0f070000  Image Size: 0x00036000
File Size:  201944      File Time:  2013-10-01_145804
Version:
   Company:    Broadcom Corporation.
   Product:    Bluetooth Software
   FileDesc:   Multimedia Keys Hook DLL
   FileVer:    6.5.1.4800
   ProdVer:    6.5.1.4800

Module 6
C:\Windows\system32\nvspcap.dll
Image Base: 0x0f3a0000  Image Size: 0x0016a000
File Size:  1477240     File Time:  2017-05-03_172134
Version:
   Company:    NVIDIA Corporation
   Product:    NVIDIA GeForce Experience
   FileDesc:   NVIDIA Capture Server Proxy
   FileVer:    3.6.0.74
   ProdVer:    3.6.0.74

Module 7
C:\Windows\system32\igdusc32.dll
Image Base: 0x0f980000  Image Size: 0x00347000
File Size:  3412992     File Time:  2013-10-08_053232
Version:
   Company:    Intel Corporation
   Product:    Intel HD Graphics Drivers for Windows 8(R)
   FileDesc:   Unified Shader Compiler for Intel(R) Graphics Accelerator
   FileVer:    9.18.10.3324
   ProdVer:    9.18.10.3324

Module 8
C:\Users\Davidlooki\Documents\UnityProjects\Tcc Files\TCC\TCC_Data\Mono\mono.dll
Image Base: 0x10000000  Image Size: 0x00231000
File Size:  2115008     File Time:  2017-01-19_092454
Version:
   Company:    Unity Technologies
   Product:    libmono
   FileDesc:   Unity Technologies fork of mono runtime
   FileVer:    1.0.0.1
   ProdVer:    1.0.0.1

Module 9
C:\Windows\system32\nvumdshim.dll
Image Base: 0x50850000  Image Size: 0x0006b000
File Size:  406736      File Time:  2017-05-01_193252
Version:
   Company:    NVIDIA Corporation
   Product:    NVIDIA D3D shim drivers
   FileDesc:   NVIDIA D3D Shim Driver, Version 382.05 
   FileVer:    22.21.13.8205
   ProdVer:    22.21.13.8205

Module 10
C:\Windows\system32\DXGIDebug.dll
Image Base: 0x56440000  Image Size: 0x0001d000
File Size:  117904      File Time:  2015-02-26_173244
Version:
   Company:    Microsoft Corporation
   Product:    Microsoft® DirectX for Windows®
   FileDesc:   DXGI Debug Binary
   FileVer:    9.30.9600.17336
   ProdVer:    9.30.9600.17336

Module 11
C:\Windows\System32\fwpuclnt.dll
Image Base: 0x567e0000  Image Size: 0x00038000
File Size:  216576      File Time:  2014-04-16_065012
Version:
   Company:    Microsoft Corporation
   Product:    Microsoft® Windows® Operating System
   FileDesc:   FWP/IPsec User-Mode API
   FileVer:    6.1.7601.18283
   ProdVer:    6.1.7601.18283

Module 12
C:\Windows\system32\rasadhlp.dll
Image Base: 0x56820000  Image Size: 0x00006000
File Size:  11776       File Time:  2009-07-13_221614
Version:
   Company:    Microsoft Corporation
   Product:    Microsoft® Windows® Operating System
   FileDesc:   Remote Access AutoDial Helper
   FileVer:    6.1.7600.16385
   ProdVer:    6.1.7600.16385

Module 13
C:\Windows\system32\midimap.dll
Image Base: 0x56900000  Image Size: 0x00007000
File Size:  16896       File Time:  2009-07-13_221542
Version:
   Company:    Microsoft Corporation
   Product:    Microsoft® Windows® Operating System
   FileDesc:   Microsoft MIDI Mapper
   FileVer:    6.1.7600.16385
   ProdVer:    6.1.7600.16385

Module 14
C:\Windows\system32\MSACM32.dll
Image Base: 0x56910000  Image Size: 0x00014000
File Size:  72192       File Time:  2009-07-13_221544
Version:
   Company:    Microsoft Corporation
   Product:    Microsoft® Windows® Operating System
   FileDesc:   Microsoft ACM Audio Filter
   FileVer:    6.1.7600.16385
   ProdVer:    6.1.7600.16385

Module 15
C:\Windows\system32\msacm32.drv
Image Base: 0x56930000  Image Size: 0x00008000
File Size:  20992       File Time:  2009-07-13_221410
Version:
   Company:    Microsoft Corporation
   Product:    Microsoft® Windows® Operating System
   FileDesc:   Microsoft Sound Mapper
   FileVer:    6.1.7600.16385
   ProdVer:    6.1.7600.16385

Module 16
C:\Windows\system32\AVRT.dll
Image Base: 0x569c0000  Image Size: 0x00007000
File Size:  14336       File Time:  2009-07-13_221500
Version:
   Company:    Microsoft Corporation
   Product:    Microsoft® Windows® Operating System
   FileDesc:   Multimedia Realtime Runtime
   FileVer:    6.1.7600.16385
   ProdVer:    6.1.7600.16385

Module 17
C:\Windows\system32\ksuser.dll
Image Base: 0x569d0000  Image Size: 0x00004000
File Size:  4608        File Time:  2015-12-08_185348
Version:
   Company:    Microsoft Corporation
   Product:    Microsoft® Windows® Operating System
   FileDesc:   User CSA Library
   FileVer:    6.1.7601.19091
   ProdVer:    6.1.7601.19091

Module 18
C:\Windows\system32\wdmaud.drv
Image Base: 0x569e0000  Image Size: 0x00030000
File Size:  172032      File Time:  2010-11-21_002402
Version:
   Company:    Microsoft Corporation
   Product:    Microsoft® Windows® Operating System
   FileDesc:   Winmm  audio system driver
   FileVer:    6.1.7601.17514
   ProdVer:    6.1.7601.17514

Module 19
C:\Windows\system32\nvapi.dll
Image Base: 0x58fc0000  Image Size: 0x00398000
File Size:  3592312     File Time:  2017-05-01_193252
Version:
   Company:    NVIDIA Corporation
   Product:    NVIDIA Windows drivers
   FileDesc:   NVIDIA NVAPI Library, Version 382.05 
   FileVer:    22.21.13.8205
   ProdVer:    22.21.13.8205

Module 20
C:\Windows\system32\HID.DLL
Image Base: 0x5b560000  Image Size: 0x00009000
File Size:  22016       File Time:  2009-07-13_221526
Version:
   Company:    Microsoft Corporation
   Product:    Microsoft® Windows® Operating System
   FileDesc:   Hid User Library
   FileVer:    6.1.7600.16385
   ProdVer:    6.1.7600.16385

Module 21
C:\Windows\System32\MMDevApi.dll
Image Base: 0x5f3c0000  Image Size: 0x00039000
File Size:  213504      File Time:  2010-11-21_002352
Version:
   Company:    Microsoft Corporation
   Product:    Microsoft® Windows® Operating System
   FileDesc:   MMDevice API
   FileVer:    6.1.7601.17514
   ProdVer:    6.1.7601.17514

Module 22
C:\Windows\system32\AUDIOSES.DLL
Image Base: 0x5f400000  Image Size: 0x00036000
File Size:  195072      File Time:  2016-06-14_122120
Version:
   Company:    Microsoft Corporation
   Product:    Microsoft® Windows® Operating System
   FileDesc:   Audio Session
   FileVer:    6.1.7601.23471
   ProdVer:    6.1.7601.23471

Module 23
C:\Windows\system32\dxgi.dll
Image Base: 0x5f480000  Image Size: 0x0004c000
File Size:  293376      File Time:  2014-04-16_063548
Version:
   Company:    Microsoft Corporation
   Product:    Microsoft® Windows® Operating System
   FileDesc:   DirectX Graphics Infrastructure
   FileVer:    6.2.9200.16492
   ProdVer:    6.2.9200.16492

Module 24
C:\Windows\system32\d3d11.dll
Image Base: 0x5f4d0000  Image Size: 0x00175000
File Size:  1505280     File Time:  2014-04-16_063636
Version:
   Company:    Microsoft Corporation
   Product:    Microsoft® Windows® Operating System
   FileDesc:   Direct3D 11 Runtime
   FileVer:    6.2.9200.16570
   ProdVer:    6.2.9200.16570

Module 25
C:\Windows\system32\ncrypt.dll
Image Base: 0x5f830000  Image Size: 0x00039000
File Size:  223232      File Time:  2017-01-05_144310
Version:
   Company:    Microsoft Corporation
   Product:    Microsoft® Windows® Operating System
   FileDesc:   Windows cryptographic library
   FileVer:    6.1.7601.23642
   ProdVer:    6.1.7601.23642

Module 26
C:\Windows\system32\DDRAW.dll
Image Base: 0x64040000  Image Size: 0x000e7000
File Size:  531968      File Time:  2009-07-13_221512
Version:
   Company:    Microsoft Corporation
   Product:    Microsoft® Windows® Operating System
   FileDesc:   Microsoft DirectDraw
   FileVer:    6.1.7600.16385
   ProdVer:    6.1.7600.16385

Module 27
C:\Windows\system32\GLU32.dll
Image Base: 0x64130000  Image Size: 0x00022000
File Size:  130048      File Time:  2009-07-13_221524
Version:
   Company:    Microsoft Corporation
   Product:    Microsoft® Windows® Operating System
   FileDesc:   OpenGL Utility Library DLL
   FileVer:    6.1.7600.16385
   ProdVer:    6.1.7600.16385

Module 28
C:\Windows\system32\OPENGL32.dll
Image Base: 0x64160000  Image Size: 0x000c8000
File Size:  791552      File Time:  2009-07-13_221614
Version:
   Company:    Microsoft Corporation
   Product:    Microsoft® Windows® Operating System
   FileDesc:   OpenGL Client DLL
   FileVer:    6.1.7600.16385
   ProdVer:    6.1.7600.16385

Module 29
C:\Windows\system32\wbem\fastprox.dll
Image Base: 0x65f80000  Image Size: 0x00096000
File Size:  606208      File Time:  2010-11-21_002426
Version:
   Company:    Microsoft Corporation
   Product:    Microsoft® Windows® Operating System
   FileDesc:   WMI Custom Marshaller
   FileVer:    6.1.7601.17514
   ProdVer:    6.1.7601.17514

Module 30
C:\Windows\system32\wbem\wbemsvc.dll
Image Base: 0x66020000  Image Size: 0x0000f000
File Size:  47616       File Time:  2009-07-13_221618
Version:
   Company:    Microsoft Corporation
   Product:    Microsoft® Windows® Operating System
   FileDesc:   WMI
   FileVer:    6.1.7600.16385
   ProdVer:    6.1.7600.16385

Module 31
C:\Windows\system32\NTDSAPI.dll
Image Base: 0x66060000  Image Size: 0x00018000
File Size:  90112       File Time:  2009-07-13_221612
Version:
   Company:    Microsoft Corporation
   Product:    Microsoft® Windows® Operating System
   FileDesc:   Active Directory Domain Services API
   FileVer:    6.1.7600.16385
   ProdVer:    6.1.7600.16385

Module 32
C:\Windows\system32\dbghelp.dll
Image Base: 0x668f0000  Image Size: 0x000eb000
File Size:  854016      File Time:  2010-11-21_002410
Version:
   Company:    Microsoft Corporation
   Product:    Microsoft® Windows® Operating System
   FileDesc:   Windows Image Helper
   FileVer:    6.1.7601.17514
   ProdVer:    6.1.7601.17514

Module 33
C:\Windows\SysWOW64\bcryptprimitives.dll
Image Base: 0x68100000  Image Size: 0x0003d000
File Size:  249352      File Time:  2016-05-12_100456
Version:
   Company:    Microsoft Corporation
   Product:    Microsoft® Windows® Operating System
   FileDesc:   Windows Cryptographic Primitives Library
   FileVer:    6.1.7601.23451
   ProdVer:    6.1.7601.23451

Module 34
C:\Windows\system32\DCIMAN32.dll
Image Base: 0x69580000  Image Size: 0x00006000
File Size:  10240       File Time:  2016-11-02_121616
Version:
   Company:    Microsoft Corporation
   Product:    Microsoft® Windows® Operating System
   FileDesc:   DCI Manager
   FileVer:    6.1.7601.23587
   ProdVer:    6.1.7601.23587

Module 35
C:\Program Files (x86)\Bonjour\mdnsNSP.dll
Image Base: 0x69790000  Image Size: 0x00021000
File Size:  122128      File Time:  2015-08-12_160338
Version:
   Company:    Apple Inc.
   Product:    Bonjour
   FileDesc:   Bonjour Namespace Provider
   FileVer:    3.1.0.1
   ProdVer:    3.1.0.1

Module 36
C:\Windows\system32\WINMM.dll
Image Base: 0x697c0000  Image Size: 0x00032000
File Size:  194048      File Time:  2010-11-21_002418
Version:
   Company:    Microsoft Corporation
   Product:    Microsoft® Windows® Operating System
   FileDesc:   MCI API DLL
   FileVer:    6.1.7601.17514
   ProdVer:    6.1.7601.17514

Module 37
C:\Windows\system32\wshbth.dll
Image Base: 0x69800000  Image Size: 0x0000d000
File Size:  36352       File Time:  2010-11-21_002452
Version:
   Company:    Microsoft Corporation
   Product:    Microsoft® Windows® Operating System
   FileDesc:   Windows Sockets Helper DLL
   FileVer:    6.1.7601.17514
   ProdVer:    6.1.7601.17514

Module 38
C:\Windows\System32\winrnr.dll
Image Base: 0x69840000  Image Size: 0x00008000
File Size:  20992       File Time:  2009-07-13_221620
Version:
   Company:    Microsoft Corporation
   Product:    Microsoft® Windows® Operating System
   FileDesc:   LDAP RnR Provider DLL
   FileVer:    6.1.7600.16385
   ProdVer:    6.1.7600.16385

Module 39
C:\Windows\system32\DNSAPI.dll
Image Base: 0x69870000  Image Size: 0x00044000
File Size:  270336      File Time:  2013-07-01_161702
Version:
   Company:    Microsoft Corporation
   Product:    Microsoft® Windows® Operating System
   FileDesc:   DNS Client API DLL
   FileVer:    6.1.7601.17570
   ProdVer:    6.1.7601.17570

Module 40
C:\Windows\system32\dwmapi.dll
Image Base: 0x69b70000  Image Size: 0x00013000
File Size:  67584       File Time:  2015-07-09_144256
Version:
   Company:    Microsoft Corporation
   Product:    Microsoft® Windows® Operating System
   FileDesc:   Microsoft Desktop Window Manager API
   FileVer:    6.1.7601.18917
   ProdVer:    6.1.7601.18917

Module 41
C:\Windows\system32\credssp.dll
Image Base: 0x69ca0000  Image Size: 0x00008000
File Size:  17408       File Time:  2017-01-05_144302
Version:
   Company:    Microsoft Corporation
   Product:    Microsoft® Windows® Operating System
   FileDesc:   Credential Delegation Security Package
   FileVer:    6.1.7601.23642
   ProdVer:    6.1.7601.23642

Module 42
C:\Windows\system32\dhcpcsvc6.DLL
Image Base: 0x69cb0000  Image Size: 0x0000d000
File Size:  44032       File Time:  2013-07-01_161724
Version:
   Company:    Microsoft Corporation
   Product:    Microsoft® Windows® Operating System
   FileDesc:   DHCPv6 Client
   FileVer:    6.1.7601.17970
   ProdVer:    6.1.7601.17970

Module 43
C:\Windows\system32\dhcpcsvc.DLL
Image Base: 0x69d90000  Image Size: 0x00012000
File Size:  61952       File Time:  2009-07-13_221512
Version:
   Company:    Microsoft Corporation
   Product:    Microsoft® Windows® Operating System
   FileDesc:   DHCP Client Service
   FileVer:    6.1.7600.16385
   ProdVer:    6.1.7600.16385

Module 44
C:\Windows\system32\wbemcomn.dll
Image Base: 0x6ac10000  Image Size: 0x0005c000
File Size:  363008      File Time:  2010-11-21_002410
Version:
   Company:    Microsoft Corporation
   Product:    Microsoft® Windows® Operating System
   FileDesc:   WMI
   FileVer:    6.1.7601.17514
   ProdVer:    6.1.7601.17514

Module 45
C:\Windows\system32\WINNSI.DLL
Image Base: 0x6ac70000  Image Size: 0x00007000
File Size:  16896       File Time:  2009-07-13_221620
Version:
   Company:    Microsoft Corporation
   Product:    Microsoft® Windows® Operating System
   FileDesc:   Network Store Information RPC interface
   FileVer:    6.1.7600.16385
   ProdVer:    6.1.7600.16385

Module 46
C:\Windows\system32\IPHLPAPI.DLL
Image Base: 0x6ac80000  Image Size: 0x0001c000
File Size:  103936      File Time:  2010-11-21_002434
Version:
   Company:    Microsoft Corporation
   Product:    Microsoft® Windows® Operating System
   FileDesc:   IP Helper API
   FileVer:    6.1.7601.17514
   ProdVer:    6.1.7601.17514

Module 47
C:\Windows\system32\webio.dll
Image Base: 0x6af40000  Image Size: 0x00050000
File Size:  316416      File Time:  2016-03-09_154018
Version:
   Company:    Microsoft Corporation
   Product:    Microsoft® Windows® Operating System
   FileDesc:   Web Transfer Protocols API
   FileVer:    6.1.7601.23375
   ProdVer:    6.1.7601.23375

Module 48
C:\Windows\system32\WINHTTP.dll
Image Base: 0x6b030000  Image Size: 0x00058000
File Size:  351744      File Time:  2016-05-11_121926
Version:
   Company:    Microsoft Corporation
   Product:    Microsoft® Windows® Operating System
   FileDesc:   Windows HTTP Services
   FileVer:    6.1.7601.23451
   ProdVer:    6.1.7601.23451

Module 49
C:\Windows\system32\wbem\wbemprox.dll
Image Base: 0x6b0a0000  Image Size: 0x0000a000
File Size:  29184       File Time:  2009-07-13_221618
Version:
   Company:    Microsoft Corporation
   Product:    Microsoft® Windows® Operating System
   FileDesc:   WMI
   FileVer:    6.1.7600.16385
   ProdVer:    6.1.7600.16385

Module 50
C:\Windows\System32\PROPSYS.dll
Image Base: 0x6b0b0000  Image Size: 0x000f5000
File Size:  988160      File Time:  2010-11-21_002410
Version:
   Company:    Microsoft Corporation
   Product:    Windows® Search
   FileDesc:   Microsoft Property System
   FileVer:    7.0.7601.17514
   ProdVer:    7.0.7601.17514

Module 51
C:\Windows\system32\uxtheme.dll
Image Base: 0x6b210000  Image Size: 0x00080000
File Size:  245760      File Time:  2009-07-13_221126
Version:
   Company:    Microsoft Corporation
   Product:    Microsoft® Windows® Operating System
   FileDesc:   Microsoft UxTheme Library
   FileVer:    6.1.7600.16385
   ProdVer:    6.1.7600.16385

Module 52
C:\Windows\system32\bcrypt.dll
Image Base: 0x6b290000  Image Size: 0x00017000
File Size:  82944       File Time:  2017-01-05_144318
Version:
   Company:    Microsoft Corporation
   Product:    Microsoft® Windows® Operating System
   FileDesc:   Windows Cryptographic Primitives Library (Wow64)
   FileVer:    6.1.7601.23642
   ProdVer:    6.1.7601.23642

Module 53
C:\Windows\system32\WTSAPI32.dll
Image Base: 0x6b470000  Image Size: 0x0000d000
File Size:  40448       File Time:  2010-11-21_002356
Version:
   Company:    Microsoft Corporation
   Product:    Microsoft® Windows® Operating System
   FileDesc:   Windows Remote Desktop Session Host Server SDK APIs
   FileVer:    6.1.7601.17514
   ProdVer:    6.1.7601.17514

Module 54
C:\Windows\System32\wshtcpip.dll
Image Base: 0x6b4b0000  Image Size: 0x00005000
File Size:  9216        File Time:  2009-07-13_221622
Version:
   Company:    Microsoft Corporation
   Product:    Microsoft® Windows® Operating System
   FileDesc:   Winsock2 Helper DLL (TL/IPv4)
   FileVer:    6.1.7600.16385
   ProdVer:    6.1.7600.16385

Module 55
C:\Windows\system32\RpcRtRemote.dll
Image Base: 0x6b4e0000  Image Size: 0x0000e000
File Size:  46080       File Time:  2010-11-21_002416
Version:
   Company:    Microsoft Corporation
   Product:    Microsoft® Windows® Operating System
   FileDesc:   Remote RPC Extension
   FileVer:    6.1.7601.17514
   ProdVer:    6.1.7601.17514

Module 56
C:\Windows\system32\MSWSOCK.dll
Image Base: 0x6b520000  Image Size: 0x0003c000
File Size:  231424      File Time:  2016-05-11_121918
Version:
   Company:    Microsoft Corporation
   Product:    Microsoft® Windows® Operating System
   FileDesc:   Microsoft Windows Sockets 2.0 Service Provider
   FileVer:    6.1.7601.23451
   ProdVer:    6.1.7601.23451

Module 57
C:\Windows\WinSxS\x86_microsoft.windows.common-controls_6595b64144ccf1df_6.0.7601.18837_none_41e855142bd5705d\comctl32.dll
Image Base: 0x6b560000  Image Size: 0x0019e000
File Size:  1680896     File Time:  2015-04-24_145414
Version:
   Company:    Microsoft Corporation
   Product:    Microsoft® Windows® Operating System
   FileDesc:   User Experience Controls Library
   FileVer:    6.10.7601.18837
   ProdVer:    6.1.7601.18837

Module 58
C:\Program Files (x86)\NVIDIA Corporation\CoProcManager\nvdxgiwrap.dll
Image Base: 0x6fcf0000  Image Size: 0x00020000
File Size:  115240      File Time:  2017-05-01_193252
Version:
   Company:    NVIDIA Corporation
   Product:    NVIDIA D3D shim drivers
   FileDesc:   NVIDIA dxgiwrap dll, Version 382.05 
   FileVer:    22.21.13.8205
   ProdVer:    22.21.13.8205

Module 59
C:\Program Files (x86)\NVIDIA Corporation\CoProcManager\nvd3d9wrap.dll
Image Base: 0x6fd10000  Image Size: 0x00031000
File Size:  181000      File Time:  2017-05-01_193252
Version:
   Company:    NVIDIA Corporation
   Product:    NVIDIA D3D shim drivers
   FileDesc:   NVIDIA d3d9wrap dll, Version 382.05 
   FileVer:    22.21.13.8205
   ProdVer:    22.21.13.8205

Module 60
C:\Program Files (x86)\NVIDIA Corporation\CoProcManager\detoured.dll
Image Base: 0x6fd50000  Image Size: 0x00006000
File Size:  19064       File Time:  2017-05-01_193252
Version:
   Company:    
   Product:    
   FileDesc:   
   FileVer:    0.0.0.0
   ProdVer:    0.0.0.0

Module 61
C:\Windows\system32\VERSION.dll
Image Base: 0x719b0000  Image Size: 0x00009000
File Size:  21504       File Time:  2009-07-13_221618
Version:
   Company:    Microsoft Corporation
   Product:    Microsoft® Windows® Operating System
   FileDesc:   Version Checking and File Installation Libraries
   FileVer:    6.1.7600.16385
   ProdVer:    6.1.7600.16385

Module 62
C:\Windows\SysWOW64\nvinit.dll
Image Base: 0x719c0000  Image Size: 0x00029000
File Size:  148016      File Time:  2017-05-01_193252
Version:
   Company:    NVIDIA Corporation
   Product:    NVIDIA D3D shim drivers
   FileDesc:   NVIDIA shim initialization dll, Version 382.05 
   FileVer:    22.21.13.8205
   ProdVer:    22.21.13.8205

Module 63
C:\Windows\system32\pnrpnsp.dll
Image Base: 0x72ae0000  Image Size: 0x00012000
File Size:  65024       File Time:  2009-07-13_221614
Version:
   Company:    Microsoft Corporation
   Product:    Microsoft® Windows® Operating System
   FileDesc:   PNRP Name Space Provider
   FileVer:    6.1.7600.16385
   ProdVer:    6.1.7600.16385

Module 64
C:\Windows\system32\napinsp.dll
Image Base: 0x72b40000  Image Size: 0x00010000
File Size:  52224       File Time:  2009-07-13_221604
Version:
   Company:    Microsoft Corporation
   Product:    Microsoft® Windows® Operating System
   FileDesc:   E-mail Naming Shim Provider
   FileVer:    6.1.7600.16385
   ProdVer:    6.1.7600.16385

Module 65
C:\Windows\system32\NLAapi.dll
Image Base: 0x72b50000  Image Size: 0x00010000
File Size:  52224       File Time:  2014-12-06_005020
Version:
   Company:    Microsoft Corporation
   Product:    Microsoft® Windows® Operating System
   FileDesc:   Network Location Awareness 2
   FileVer:    6.1.7601.18685
   ProdVer:    6.1.7601.18685

Module 66
C:\Windows\System32\wship6.dll
Image Base: 0x72b60000  Image Size: 0x00006000
File Size:  10752       File Time:  2009-07-13_221622
Version:
   Company:    Microsoft Corporation
   Product:    Microsoft® Windows® Operating System
   FileDesc:   Winsock2 Helper DLL (TL/IPv6)
   FileVer:    6.1.7600.16385
   ProdVer:    6.1.7600.16385

Module 67
C:\Windows\system32\rsaenh.dll
Image Base: 0x742e0000  Image Size: 0x0003b000
File Size:  242936      File Time:  2009-07-13_221756
Version:
   Company:    Microsoft Corporation
   Product:    Microsoft® Windows® Operating System
   FileDesc:   Microsoft Enhanced Cryptographic Provider
   FileVer:    6.1.7600.16385
   ProdVer:    6.1.7600.16385

Module 68
C:\Windows\system32\CRYPTSP.dll
Image Base: 0x743b0000  Image Size: 0x00017000
File Size:  80896       File Time:  2016-06-14_122122
Version:
   Company:    Microsoft Corporation
   Product:    Microsoft® Windows® Operating System
   FileDesc:   Cryptographic Service Provider API
   FileVer:    6.1.7601.23471
   ProdVer:    6.1.7601.23471

Module 69
C:\Windows\syswow64\CRYPTBASE.dll
Image Base: 0x75220000  Image Size: 0x0000c000
File Size:  36352       File Time:  2017-01-05_141904
Version:
   Company:    Microsoft Corporation
   Product:    Microsoft® Windows® Operating System
   FileDesc:   Base cryptographic API DLL
   FileVer:    6.1.7601.23642
   ProdVer:    6.1.7601.23642

Module 70
C:\Windows\syswow64\SspiCli.dll
Image Base: 0x75230000  Image Size: 0x00060000
File Size:  96768       File Time:  2017-01-05_144318
Version:
   Company:    Microsoft Corporation
   Product:    Microsoft® Windows® Operating System
   FileDesc:   Security Support Provider Interface
   FileVer:    6.1.7601.23642
   ProdVer:    6.1.7601.23642

Module 71
C:\Windows\SysWOW64\sechost.dll
Image Base: 0x752a0000  Image Size: 0x00019000
File Size:  92160       File Time:  2015-05-25_150140
Version:
   Company:    Microsoft Corporation
   Product:    Microsoft® Windows® Operating System
   FileDesc:   Host for SCM/SDDL/LSA Lookup APIs
   FileVer:    6.1.7601.18869
   ProdVer:    6.1.7601.18869

Module 72
C:\Windows\syswow64\msvcrt.dll
Image Base: 0x75350000  Image Size: 0x000ac000
File Size:  690688      File Time:  2013-07-01_161706
Version:
   Company:    Microsoft Corporation
   Product:    Microsoft® Windows® Operating System
   FileDesc:   Windows NT CRT DLL
   FileVer:    7.0.7601.17744
   ProdVer:    6.1.8638.17744

Module 73
C:\Windows\syswow64\MSASN1.dll
Image Base: 0x75400000  Image Size: 0x0000c000
File Size:  34304       File Time:  2010-11-21_002350
Version:
   Company:    Microsoft Corporation
   Product:    Microsoft® Windows® Operating System
   FileDesc:   ASN.1 Runtime APIs
   FileVer:    6.1.7601.17514
   ProdVer:    6.1.7601.17514

Module 74
C:\Windows\syswow64\GDI32.dll
Image Base: 0x75410000  Image Size: 0x00090000
File Size:  312832      File Time:  2016-11-06_131648
Version:
   Company:    Microsoft Corporation
   Product:    Microsoft® Windows® Operating System
   FileDesc:   GDI Client DLL
   FileVer:    6.1.7601.23591
   ProdVer:    6.1.7601.23591

Module 75
C:\Windows\syswow64\WINTRUST.dll
Image Base: 0x754a0000  Image Size: 0x0002f000
File Size:  179200      File Time:  2016-10-04_121316
Version:
   Company:    Microsoft Corporation
   Product:    Microsoft® Windows® Operating System
   FileDesc:   Microsoft Trust Verification APIs
   FileVer:    6.1.7601.23566
   ProdVer:    6.1.7601.23566

Module 76
C:\Windows\syswow64\SHELL32.dll
Image Base: 0x754d0000  Image Size: 0x00c4c000
File Size:  12880384    File Time:  2016-08-29_121252
Version:
   Company:    Microsoft Corporation
   Product:    Microsoft® Windows® Operating System
   FileDesc:   Windows Shell Common Dll
   FileVer:    6.1.7601.23537
   ProdVer:    6.1.7601.23537

Module 77
C:\Windows\syswow64\ole32.dll
Image Base: 0x76270000  Image Size: 0x0015d000
File Size:  1414144     File Time:  2016-03-17_192822
Version:
   Company:    Microsoft Corporation
   Product:    Microsoft® Windows® Operating System
   FileDesc:   Microsoft OLE for Windows
   FileVer:    6.1.7601.23392
   ProdVer:    6.1.7601.23392

Module 78
C:\Windows\syswow64\SETUPAPI.dll
Image Base: 0x763d0000  Image Size: 0x0019d000
File Size:  1667584     File Time:  2010-11-21_002352
Version:
   Company:    Microsoft Corporation
   Product:    Microsoft® Windows® Operating System
   FileDesc:   Windows Setup API
   FileVer:    6.1.7601.17514
   ProdVer:    6.1.7601.17514

Module 79
C:\Windows\syswow64\USER32.dll
Image Base: 0x76570000  Image Size: 0x00100000
File Size:  833024      File Time:  2016-11-10_131942
Version:
   Company:    Microsoft Corporation
   Product:    Microsoft® Windows® Operating System
   FileDesc:   Multi-User Windows USER API Client DLL
   FileVer:    6.1.7601.23594
   ProdVer:    6.1.7601.23594

Module 80
C:\Windows\syswow64\profapi.dll
Image Base: 0x76670000  Image Size: 0x0000b000
File Size:  31744       File Time:  2009-07-13_221614
Version:
   Company:    Microsoft Corporation
   Product:    Microsoft® Windows® Operating System
   FileDesc:   User Profile Basic API
   FileVer:    6.1.7600.16385
   ProdVer:    6.1.7600.16385

Module 81
C:\Windows\syswow64\USP10.dll
Image Base: 0x76680000  Image Size: 0x0009d000
File Size:  627712      File Time:  2016-10-27_122018
Version:
   Company:    Microsoft Corporation
   Product:    Microsoft(R) Uniscribe Unicode script processor
   FileDesc:   Uniscribe Unicode script processor
   FileVer:    1.626.7601.23585
   ProdVer:    1.626.7601.23585

Module 82
C:\Windows\syswow64\CLBCatQ.DLL
Image Base: 0x76720000  Image Size: 0x00083000
File Size:  522240      File Time:  2009-07-13_221504
Version:
   Company:    Microsoft Corporation
   Product:    Microsoft® Windows® Operating System
   FileDesc:   COM+ Configuration Catalog
   FileVer:    2001.12.8530.16385
   ProdVer:    6.1.7600.16385

Module 83
C:\Windows\syswow64\NSI.dll
Image Base: 0x767b0000  Image Size: 0x00006000
File Size:  8704        File Time:  2009-07-13_221612
Version:
   Company:    Microsoft Corporation
   Product:    Microsoft® Windows® Operating System
   FileDesc:   NSI User-mode interface DLL
   FileVer:    6.1.7600.16385
   ProdVer:    6.1.7600.16385

Module 84
C:\Windows\syswow64\kernel32.dll
Image Base: 0x76a10000  Image Size: 0x00110000
File Size:  1114112     File Time:  2016-10-11_121844
Version:
   Company:    Microsoft Corporation
   Product:    Microsoft® Windows® Operating System
   FileDesc:   Windows NT BASE API Client DLL
   FileVer:    6.1.7601.23572
   ProdVer:    6.1.7601.23572

Module 85
C:\Windows\syswow64\MSCTF.dll
Image Base: 0x76bb0000  Image Size: 0x000cd000
File Size:  829952      File Time:  2016-10-11_121830
Version:
   Company:    Microsoft Corporation
   Product:    Microsoft® Windows® Operating System
   FileDesc:   MSCTF Server DLL
   FileVer:    6.1.7601.23572
   ProdVer:    6.1.7601.23572

Module 86
C:\Windows\syswow64\LPK.dll
Image Base: 0x76c80000  Image Size: 0x0000a000
File Size:  25600       File Time:  2016-11-02_121632
Version:
   Company:    Microsoft Corporation
   Product:    Microsoft® Windows® Operating System
   FileDesc:   Language Pack
   FileVer:    6.1.7601.23587
   ProdVer:    6.1.7601.23587

Module 87
C:\Windows\syswow64\ADVAPI32.dll
Image Base: 0x76ca0000  Image Size: 0x000a1000
File Size:  644096      File Time:  2016-10-11_121804
Version:
   Company:    Microsoft Corporation
   Product:    Microsoft® Windows® Operating System
   FileDesc:   Advanced Windows 32 Base API
   FileVer:    6.1.7601.23572
   ProdVer:    6.1.7601.23572

Module 88
C:\Windows\syswow64\OLEAUT32.dll
Image Base: 0x76d50000  Image Size: 0x00091000
File Size:  581632      File Time:  2016-10-07_121250
Version:
   Company:    Microsoft Corporation
   Product:    
   FileDesc:   
   FileVer:    6.1.7601.23569
   ProdVer:    6.1.7601.23569

Module 89
C:\Windows\syswow64\WS2_32.dll
Image Base: 0x77050000  Image Size: 0x00035000
File Size:  206336      File Time:  2016-05-11_121928
Version:
   Company:    Microsoft Corporation
   Product:    Microsoft® Windows® Operating System
   FileDesc:   Windows Socket 2.0 32-Bit DLL
   FileVer:    6.1.7601.23451
   ProdVer:    6.1.7601.23451

Module 90
C:\Windows\syswow64\DEVOBJ.dll
Image Base: 0x770a0000  Image Size: 0x00012000
File Size:  64512       File Time:  2013-07-01_161720
Version:
   Company:    Microsoft Corporation
   Product:    Microsoft® Windows® Operating System
   FileDesc:   Device Information Set DLL
   FileVer:    6.1.7601.17621
   ProdVer:    6.1.7601.17621

Module 91
C:\Windows\syswow64\CFGMGR32.dll
Image Base: 0x770c0000  Image Size: 0x00027000
File Size:  145920      File Time:  2013-07-01_161720
Version:
   Company:    Microsoft Corporation
   Product:    Microsoft® Windows® Operating System
   FileDesc:   Configuration Manager DLL
   FileVer:    6.1.7601.17621
   ProdVer:    6.1.7601.17621

Module 92
C:\Windows\syswow64\RPCRT4.dll
Image Base: 0x77140000  Image Size: 0x000f0000
File Size:  666112      File Time:  2017-01-05_144318
Version:
   Company:    Microsoft Corporation
   Product:    Microsoft® Windows® Operating System
   FileDesc:   Remote Procedure Call Runtime
   FileVer:    6.1.7601.23642
   ProdVer:    6.1.7601.23642

Module 93
C:\Windows\syswow64\IMM32.dll
Image Base: 0x77230000  Image Size: 0x00060000
File Size:  119808      File Time:  2010-11-21_002426
Version:
   Company:    Microsoft Corporation
   Product:    Microsoft® Windows® Operating System
   FileDesc:   Multi-User Windows IMM32 API Client DLL
   FileVer:    6.1.7601.17514
   ProdVer:    6.1.7601.17514

Module 94
C:\Windows\syswow64\SHLWAPI.dll
Image Base: 0x772e0000  Image Size: 0x00057000
File Size:  350208      File Time:  2010-11-21_002350
Version:
   Company:    Microsoft Corporation
   Product:    Microsoft® Windows® Operating System
   FileDesc:   Shell Light-weight Utility Library
   FileVer:    6.1.7601.17514
   ProdVer:    6.1.7601.17514

Module 95
C:\Windows\syswow64\CRYPT32.dll
Image Base: 0x77340000  Image Size: 0x00121000
File Size:  1176064     File Time:  2016-10-04_121302
Version:
   Company:    Microsoft Corporation
   Product:    Microsoft® Windows® Operating System
   FileDesc:   Crypto API32
   FileVer:    6.1.7601.23566
   ProdVer:    6.1.7601.23566

Module 96
C:\Windows\syswow64\PSAPI.DLL
Image Base: 0x77470000  Image Size: 0x00005000
File Size:  6144        File Time:  2009-07-13_221614
Version:
   Company:    Microsoft Corporation
   Product:    Microsoft® Windows® Operating System
   FileDesc:   Process Status Helper
   FileVer:    6.1.7600.16385
   ProdVer:    6.1.7600.16385

Module 97
C:\Windows\syswow64\KERNELBASE.dll
Image Base: 0x77490000  Image Size: 0x00047000
File Size:  275456      File Time:  2016-10-11_121844
Version:
   Company:    Microsoft Corporation
   Product:    Microsoft® Windows® Operating System
   FileDesc:   Windows NT BASE API Client DLL
   FileVer:    6.1.7601.23572
   ProdVer:    6.1.7601.23572

Module 98
C:\Windows\SysWOW64\ntdll.dll
Image Base: 0x77940000  Image Size: 0x00180000
File Size:  1314112     File Time:  2016-10-11_122154
Version:
   Company:    Microsoft Corporation
   Product:    Microsoft® Windows® Operating System
   FileDesc:   NT Layer DLL
   FileVer:    6.1.7601.23572
   ProdVer:    6.1.7601.23572


== [end of error.log] ==
